{
  "RSpec": {
    "coverage": {
      "/Users/bg/projects/simple_day/spec/spec_data.rb": {
        "lines": [
          1,
          1,
          null,
          null
        ]
      },
      "/Users/bg/projects/simple_day/config/environment.rb": {
        "lines": [
          null,
          1,
          null,
          null,
          1
        ]
      },
      "/Users/bg/projects/simple_day/config/application.rb": {
        "lines": [
          1,
          null,
          1,
          null,
          1,
          1,
          1,
          1,
          1,
          1,
          1,
          1,
          1,
          1,
          null,
          null,
          null,
          null,
          1,
          null,
          1,
          1,
          null,
          1,
          null,
          null,
          null,
          null,
          null,
          null,
          null,
          null,
          null,
          null,
          1,
          null,
          null
        ]
      },
      "/Users/bg/projects/simple_day/config/boot.rb": {
        "lines": [
          1,
          null,
          1,
          1
        ]
      },
      "/Users/bg/projects/simple_day/config/environments/test.rb": {
        "lines": [
          1,
          null,
          null,
          null,
          null,
          null,
          null,
          1,
          null,
          null,
          null,
          1,
          null,
          null,
          null,
          null,
          1,
          null,
          null,
          1,
          1,
          null,
          null,
          null,
          null,
          1,
          1,
          1,
          null,
          null,
          1,
          null,
          null,
          1,
          null,
          null,
          1,
          null,
          1,
          null,
          null,
          null,
          null,
          1,
          null,
          null,
          1,
          null,
          null,
          1,
          null,
          null,
          1,
          null,
          null,
          null,
          null,
          null,
          null,
          null
        ]
      },
      "/Users/bg/projects/simple_day/config/initializers/assets.rb": {
        "lines": [
          null,
          null,
          null,
          1,
          null,
          null,
          null,
          null,
          null,
          null,
          null,
          null
        ]
      },
      "/Users/bg/projects/simple_day/config/initializers/content_security_policy.rb": {
        "lines": [
          null,
          null,
          null,
          null,
          null,
          null,
          null,
          null,
          null,
          null,
          null,
          null,
          null,
          null,
          null,
          null,
          null,
          null,
          null,
          null,
          null,
          null,
          null,
          null,
          null
        ]
      },
      "/Users/bg/projects/simple_day/config/initializers/filter_parameter_logging.rb": {
        "lines": [
          null,
          null,
          null,
          null,
          null,
          1,
          null,
          null
        ]
      },
      "/Users/bg/projects/simple_day/config/initializers/inflections.rb": {
        "lines": [
          null,
          null,
          null,
          null,
          null,
          null,
          null,
          null,
          null,
          null,
          null,
          null,
          null,
          null,
          null,
          null
        ]
      },
      "/Users/bg/projects/simple_day/config/initializers/permissions_policy.rb": {
        "lines": [
          null,
          null,
          null,
          null,
          null,
          null,
          null,
          null,
          null,
          null,
          null
        ]
      },
      "/Users/bg/projects/simple_day/config/routes.rb": {
        "lines": [
          1,
          null,
          1,
          null,
          1,
          null,
          1,
          null,
          1,
          null,
          1,
          null,
          null,
          null,
          null,
          1,
          null
        ]
      },
      "/Users/bg/projects/simple_day/app/helpers/application_helper.rb": {
        "lines": [
          1,
          null
        ]
      },
      "/Users/bg/projects/simple_day/app/helpers/entries_helper.rb": {
        "lines": [
          1,
          null
        ]
      },
      "/Users/bg/projects/simple_day/app/helpers/journal_entries_helper.rb": {
        "lines": [
          1,
          null
        ]
      },
      "/Users/bg/projects/simple_day/app/helpers/journals_helper.rb": {
        "lines": [
          1,
          null
        ]
      },
      "/Users/bg/projects/simple_day/app/helpers/users_helper.rb": {
        "lines": [
          1,
          null
        ]
      },
      "/Users/bg/projects/simple_day/app/models/user.rb": {
        "lines": [
          1,
          1,
          1,
          null,
          1,
          null,
          1,
          1,
          1,
          null
        ]
      },
      "/Users/bg/projects/simple_day/app/models/application_record.rb": {
        "lines": [
          1,
          1,
          null
        ]
      },
      "/Users/bg/projects/simple_day/app/controllers/welcome_controller.rb": {
        "lines": [
          1,
          1,
          2,
          1,
          1,
          null,
          2,
          1,
          null,
          null,
          null
        ]
      },
      "/Users/bg/projects/simple_day/app/controllers/application_controller.rb": {
        "lines": [
          null,
          null,
          1,
          1,
          null,
          1,
          2,
          null,
          null,
          1,
          0,
          null,
          null
        ]
      },
      "/Users/bg/projects/simple_day/app/controllers/users_controller.rb": {
        "lines": [
          1,
          1,
          null,
          null,
          1,
          0,
          null,
          null,
          null,
          1,
          null,
          null,
          null,
          1,
          1,
          null,
          null,
          null,
          1,
          null,
          null,
          null,
          null,
          1,
          1,
          1,
          1,
          1,
          1,
          1,
          1,
          null,
          0,
          0,
          null,
          null,
          null,
          null,
          1,
          0,
          0,
          0,
          0,
          null,
          0,
          0,
          null,
          null,
          null,
          null,
          null,
          1,
          0,
          null,
          0,
          0,
          0,
          null,
          null,
          null,
          1,
          null,
          1,
          0,
          null,
          null,
          null,
          1,
          1,
          null,
          null
        ]
      }
    },
    "timestamp": 1704590359
  }
}
